# Logfile created on 2017-12-26 11:50:34 +0000 by logger.rb/56438
[2017-12-26T11:50:35+00:00] INFO: Started chef-zero at chefzero://localhost:8889 with repository at /opt/gitlab/embedded
  One version per cookbook

[2017-12-26T11:50:35+00:00] INFO: Forking chef instance to converge...
[2017-12-26T11:50:35+00:00] INFO: *** Chef 12.12.15 ***
[2017-12-26T11:50:35+00:00] INFO: Platform: x86_64-linux
[2017-12-26T11:50:35+00:00] INFO: Chef-client pid: 38
[2017-12-26T11:50:36+00:00] WARN: unable to detect ipaddress
[2017-12-26T11:50:37+00:00] INFO: HTTP Request Returned 404 Not Found: Object not found: chefzero://localhost:8889/nodes/localhost
[2017-12-26T11:50:37+00:00] INFO: Setting the run_list to ["recipe[gitlab]"] from CLI options
[2017-12-26T11:50:37+00:00] INFO: Run List is [recipe[gitlab]]
[2017-12-26T11:50:37+00:00] INFO: Run List expands to [gitlab]
[2017-12-26T11:50:37+00:00] INFO: Starting Chef Run for localhost
[2017-12-26T11:50:37+00:00] INFO: Running start handlers
[2017-12-26T11:50:37+00:00] INFO: Start handlers complete.
[2017-12-26T11:50:37+00:00] INFO: HTTP Request Returned 404 Not Found: Object not found: 
[2017-12-26T11:50:38+00:00] INFO: Loading cookbooks [gitlab@0.0.1, package@0.1.0, registry@0.1.0, mattermost@0.1.0, consul@0.0.0, gitaly@0.1.0, runit@0.14.2]
[2017-12-26T11:50:38+00:00] INFO: Storing updated cookbooks/gitlab/resources/postgresql_database.rb in the cache.
[2017-12-26T11:50:38+00:00] INFO: Storing updated cookbooks/gitlab/resources/postgresql_user.rb in the cache.
[2017-12-26T11:50:38+00:00] INFO: Storing updated cookbooks/gitlab/recipes/sidekiq_disable.rb in the cache.
[2017-12-26T11:50:38+00:00] INFO: Storing updated cookbooks/gitlab/recipes/gitlab-workhorse.rb in the cache.
[2017-12-26T11:50:38+00:00] INFO: Storing updated cookbooks/gitlab/recipes/postgresql.rb in the cache.
[2017-12-26T11:50:38+00:00] INFO: Storing updated cookbooks/gitlab/recipes/gitlab-healthcheck.rb in the cache.
[2017-12-26T11:50:38+00:00] INFO: Storing updated cookbooks/gitlab/recipes/gitlab-monitor.rb in the cache.
[2017-12-26T11:50:38+00:00] INFO: Storing updated cookbooks/gitlab/recipes/users.rb in the cache.
[2017-12-26T11:50:38+00:00] INFO: Storing updated cookbooks/gitlab/recipes/gitlab-pages_disable.rb in the cache.
[2017-12-26T11:50:38+00:00] INFO: Storing updated cookbooks/gitlab/recipes/gitlab-shell.rb in the cache.
[2017-12-26T11:50:38+00:00] INFO: Storing updated cookbooks/gitlab/recipes/prometheus_disable.rb in the cache.
[2017-12-26T11:50:38+00:00] INFO: Storing updated cookbooks/gitlab/recipes/node-exporter.rb in the cache.
[2017-12-26T11:50:38+00:00] INFO: Storing updated cookbooks/gitlab/recipes/unicorn_disable.rb in the cache.
[2017-12-26T11:50:38+00:00] INFO: Storing updated cookbooks/gitlab/recipes/gitlab-prometheus.rb in the cache.
[2017-12-26T11:50:38+00:00] INFO: Storing updated cookbooks/gitlab/recipes/redis_disable.rb in the cache.
[2017-12-26T11:50:38+00:00] INFO: Storing updated cookbooks/gitlab/recipes/nginx_disable.rb in the cache.
[2017-12-26T11:50:38+00:00] INFO: Storing updated cookbooks/gitlab/recipes/config.rb in the cache.
[2017-12-26T11:50:38+00:00] INFO: Storing updated cookbooks/gitlab/recipes/remote-syslog_disable.rb in the cache.
[2017-12-26T11:50:38+00:00] INFO: Storing updated cookbooks/gitlab/recipes/remove_accounts.rb in the cache.
[2017-12-26T11:50:38+00:00] INFO: Storing updated cookbooks/gitlab/recipes/postgres-exporter.rb in the cache.
[2017-12-26T11:50:38+00:00] INFO: Storing updated cookbooks/gitlab/recipes/nginx.rb in the cache.
[2017-12-26T11:50:38+00:00] INFO: Storing updated cookbooks/gitlab/recipes/logrotate.rb in the cache.
[2017-12-26T11:50:38+00:00] INFO: Storing updated cookbooks/gitlab/recipes/postgres-exporter_disable.rb in the cache.
[2017-12-26T11:50:38+00:00] INFO: Storing updated cookbooks/gitlab/recipes/bootstrap.rb in the cache.
[2017-12-26T11:50:38+00:00] INFO: Storing updated cookbooks/gitlab/recipes/add_trusted_certs.rb in the cache.
[2017-12-26T11:50:38+00:00] INFO: Storing updated cookbooks/gitlab/recipes/database_migrations.rb in the cache.
[2017-12-26T11:50:38+00:00] INFO: Storing updated cookbooks/gitlab/recipes/prometheus.rb in the cache.
[2017-12-26T11:50:38+00:00] INFO: Storing updated cookbooks/gitlab/recipes/bootstrap_disable.rb in the cache.
[2017-12-26T11:50:38+00:00] INFO: Storing updated cookbooks/gitlab/recipes/mailroom_disable.rb in the cache.
[2017-12-26T11:50:38+00:00] INFO: Storing updated cookbooks/gitlab/recipes/web-server.rb in the cache.
[2017-12-26T11:50:38+00:00] INFO: Storing updated cookbooks/gitlab/recipes/default.rb in the cache.
[2017-12-26T11:50:38+00:00] INFO: Storing updated cookbooks/gitlab/recipes/selinux.rb in the cache.
[2017-12-26T11:50:38+00:00] INFO: Storing updated cookbooks/gitlab/recipes/remote-syslog.rb in the cache.
[2017-12-26T11:50:38+00:00] INFO: Storing updated cookbooks/gitlab/recipes/postgresql_user.rb in the cache.
[2017-12-26T11:50:38+00:00] INFO: Storing updated cookbooks/gitlab/recipes/postgresql-bin.rb in the cache.
[2017-12-26T11:50:38+00:00] INFO: Storing updated cookbooks/gitlab/recipes/gitlab-monitor_disable.rb in the cache.
[2017-12-26T11:50:38+00:00] INFO: Storing updated cookbooks/gitlab/recipes/gitlab-pages.rb in the cache.
[2017-12-26T11:50:38+00:00] INFO: Storing updated cookbooks/gitlab/recipes/redis-exporter_disable.rb in the cache.
[2017-12-26T11:50:38+00:00] INFO: Storing updated cookbooks/gitlab/recipes/node-exporter_disable.rb in the cache.
[2017-12-26T11:50:38+00:00] INFO: Storing updated cookbooks/gitlab/recipes/sidekiq.rb in the cache.
[2017-12-26T11:50:38+00:00] INFO: Storing updated cookbooks/gitlab/recipes/prometheus_user.rb in the cache.
[2017-12-26T11:50:38+00:00] INFO: Storing updated cookbooks/gitlab/recipes/gitlab-workhorse_disable.rb in the cache.
[2017-12-26T11:50:38+00:00] INFO: Storing updated cookbooks/gitlab/definitions/sidekiq_service.rb in the cache.
[2017-12-26T11:50:38+00:00] INFO: Storing updated cookbooks/gitlab/definitions/unicorn_service.rb in the cache.
[2017-12-26T11:50:38+00:00] INFO: Storing updated cookbooks/gitlab/recipes/mailroom.rb in the cache.
[2017-12-26T11:50:38+00:00] INFO: Storing updated cookbooks/gitlab/recipes/logrotate_disable.rb in the cache.
[2017-12-26T11:50:38+00:00] INFO: Storing updated cookbooks/gitlab/recipes/show_config.rb in the cache.
[2017-12-26T11:50:38+00:00] INFO: Storing updated cookbooks/gitlab/recipes/redis.rb in the cache.
[2017-12-26T11:50:38+00:00] INFO: Storing updated cookbooks/gitlab/libraries/gitlab_rails.rb in the cache.
[2017-12-26T11:50:38+00:00] INFO: Storing updated cookbooks/gitlab/libraries/redis_helper.rb in the cache.
[2017-12-26T11:50:38+00:00] INFO: Storing updated cookbooks/gitlab/recipes/logrotate_folders_and_configs.rb in the cache.
[2017-12-26T11:50:38+00:00] INFO: Storing updated cookbooks/gitlab/recipes/postgresql_disable.rb in the cache.
[2017-12-26T11:50:38+00:00] INFO: Storing updated cookbooks/gitlab/recipes/gitlab-rails.rb in the cache.
[2017-12-26T11:50:38+00:00] INFO: Storing updated cookbooks/gitlab/definitions/unicorn_config.rb in the cache.
[2017-12-26T11:50:38+00:00] INFO: Storing updated cookbooks/gitlab/definitions/redis_service.rb in the cache.
[2017-12-26T11:50:38+00:00] INFO: Storing updated cookbooks/gitlab/libraries/logging.rb in the cache.
[2017-12-26T11:50:38+00:00] INFO: Storing updated cookbooks/gitlab/libraries/registry.rb in the cache.
[2017-12-26T11:50:38+00:00] INFO: Storing updated cookbooks/gitlab/recipes/unicorn.rb in the cache.
[2017-12-26T11:50:38+00:00] INFO: Storing updated cookbooks/gitlab/libraries/helpers/geo_pg_helper.rb in the cache.
[2017-12-26T11:50:38+00:00] INFO: Storing updated cookbooks/gitlab/libraries/helpers/authorizer_helper.rb in the cache.
[2017-12-26T11:50:38+00:00] INFO: Storing updated cookbooks/gitlab/libraries/gitlab_mattermost.rb in the cache.
[2017-12-26T11:50:38+00:00] INFO: Storing updated cookbooks/gitlab/libraries/helpers/base_pg_helper.rb in the cache.
[2017-12-26T11:50:38+00:00] INFO: Storing updated cookbooks/gitlab/recipes/redis-exporter.rb in the cache.
[2017-12-26T11:50:38+00:00] INFO: Storing updated cookbooks/gitlab/libraries/redis_uri.rb in the cache.
[2017-12-26T11:50:38+00:00] INFO: Storing updated cookbooks/gitlab/libraries/nginx.rb in the cache.
[2017-12-26T11:50:38+00:00] INFO: Storing updated cookbooks/gitlab/libraries/gitlab_workhorse.rb in the cache.
[2017-12-26T11:50:39+00:00] INFO: Storing updated cookbooks/gitlab/libraries/account_helper.rb in the cache.
[2017-12-26T11:50:38+00:00] INFO: Storing updated cookbooks/gitlab/libraries/helpers/pg_helper.rb in the cache.
[2017-12-26T11:50:38+00:00] INFO: Storing updated cookbooks/gitlab/libraries/incoming_email.rb in the cache.
[2017-12-26T11:50:38+00:00] INFO: Storing updated cookbooks/gitlab/libraries/gitlab_pages.rb in the cache.
[2017-12-26T11:50:38+00:00] INFO: Storing updated cookbooks/gitlab/libraries/gitlab_shell.rb in the cache.
[2017-12-26T11:50:38+00:00] INFO: Storing updated cookbooks/gitlab/libraries/prometheus_helper.rb in the cache.
[2017-12-26T11:50:38+00:00] INFO: Storing updated cookbooks/gitlab/libraries/postgresql.rb in the cache.
[2017-12-26T11:50:38+00:00] INFO: Storing updated cookbooks/gitlab/libraries/unicorn.rb in the cache.
[2017-12-26T11:50:39+00:00] INFO: Storing updated cookbooks/gitlab/templates/default/sv-remote-syslog-run.erb in the cache.
[2017-12-26T11:50:39+00:00] INFO: Storing updated cookbooks/gitlab/libraries/helper.rb in the cache.
[2017-12-26T11:50:39+00:00] INFO: Storing updated cookbooks/gitlab/libraries/redis.rb in the cache.
[2017-12-26T11:50:39+00:00] INFO: Storing updated cookbooks/gitlab/templates/default/nginx-status.conf.erb in the cache.
[2017-12-26T11:50:39+00:00] INFO: Storing updated cookbooks/gitlab/templates/default/nginx.conf.erb in the cache.
[2017-12-26T11:50:39+00:00] INFO: Storing updated cookbooks/gitlab/templates/default/sv-sidekiq-log-config.erb in the cache.
[2017-12-26T11:50:39+00:00] INFO: Storing updated cookbooks/gitlab/attributes/default.rb in the cache.
[2017-12-26T11:50:39+00:00] INFO: Storing updated cookbooks/gitlab/templates/default/remote_syslog.yml.erb in the cache.
[2017-12-26T11:50:39+00:00] INFO: Storing updated cookbooks/gitlab/templates/default/sv-redis-run.erb in the cache.
[2017-12-26T11:50:38+00:00] INFO: Storing updated cookbooks/gitlab/libraries/prometheus.rb in the cache.
[2017-12-26T11:50:39+00:00] INFO: Storing updated cookbooks/gitlab/templates/default/sv-mailroom-log-config.erb in the cache.
[2017-12-26T11:50:39+00:00] INFO: Storing updated cookbooks/gitlab/templates/default/gitlab.yml.erb in the cache.
[2017-12-26T11:50:39+00:00] INFO: Storing updated cookbooks/gitlab/templates/default/sv-nginx-run.erb in the cache.
[2017-12-26T11:50:39+00:00] INFO: Storing updated cookbooks/gitlab/templates/default/postgresql-init.erb in the cache.
[2017-12-26T11:50:39+00:00] INFO: Storing updated cookbooks/gitlab/templates/default/nginx-gitlab-mattermost-http.conf.erb in the cache.
[2017-12-26T11:50:39+00:00] INFO: Storing updated cookbooks/gitlab/templates/default/gitlab-psql-rc.erb in the cache.
[2017-12-26T11:50:39+00:00] INFO: Storing updated cookbooks/gitlab/templates/default/sv-unicorn-log-config.erb in the cache.
[2017-12-26T11:50:39+00:00] INFO: Storing updated cookbooks/gitlab/templates/default/redis.conf.erb in the cache.
[2017-12-26T11:50:39+00:00] INFO: Storing updated cookbooks/gitlab/templates/default/sv-nginx-log-config.erb in the cache.
[2017-12-26T11:50:39+00:00] INFO: Storing updated cookbooks/gitlab/templates/default/sv-prometheus-log-run.erb in the cache.
[2017-12-26T11:50:39+00:00] INFO: Storing updated cookbooks/gitlab/templates/default/sv-gitlab-pages-log-config.erb in the cache.
[2017-12-26T11:50:39+00:00] INFO: Storing updated cookbooks/gitlab/templates/default/sv-mailroom-run.erb in the cache.
[2017-12-26T11:50:39+00:00] INFO: Storing updated cookbooks/gitlab/templates/default/gitconfig-system.erb in the cache.
[2017-12-26T11:50:39+00:00] INFO: Storing updated cookbooks/gitlab/templates/default/sv-prometheus-run.erb in the cache.
[2017-12-26T11:50:39+00:00] INFO: Storing updated cookbooks/gitlab/templates/default/resque.yml.erb in the cache.
[2017-12-26T11:50:39+00:00] INFO: Storing updated cookbooks/gitlab/templates/default/logrotate.conf.erb in the cache.
[2017-12-26T11:50:39+00:00] INFO: Storing updated cookbooks/gitlab/templates/default/pg_ident.conf.erb in the cache.
[2017-12-26T11:50:39+00:00] INFO: Storing updated cookbooks/gitlab/templates/default/sv-redis-log-run.erb in the cache.
[2017-12-26T11:50:39+00:00] INFO: Storing updated cookbooks/gitlab/templates/default/sv-postgres-exporter-log-config.erb in the cache.
[2017-12-26T11:50:39+00:00] INFO: Storing updated cookbooks/gitlab/templates/default/make_metrics_rundir.erb in the cache.
[2017-12-26T11:50:39+00:00] INFO: Storing updated cookbooks/gitlab/templates/default/postgresql-runtime.conf.erb in the cache.
[2017-12-26T11:50:39+00:00] INFO: Storing updated cookbooks/gitlab/templates/default/sv-postgresql-control-t.erb in the cache.
[2017-12-26T11:50:39+00:00] INFO: Storing updated cookbooks/gitlab/templates/default/mount_point_check.erb in the cache.
[2017-12-26T11:50:39+00:00] INFO: Storing updated cookbooks/gitlab/templates/default/sv-remote-syslog-log-run.erb in the cache.
[2017-12-26T11:50:39+00:00] INFO: Storing updated cookbooks/gitlab/templates/default/sv-sidekiq-log-run.erb in the cache.
[2017-12-26T11:50:39+00:00] INFO: Storing updated cookbooks/gitlab/templates/default/gitconfig.erb in the cache.
[2017-12-26T11:50:39+00:00] INFO: Storing updated cookbooks/gitlab/templates/default/secrets.yml.erb in the cache.
[2017-12-26T11:50:39+00:00] INFO: Storing updated cookbooks/gitlab/templates/default/sv-postgres-exporter-run.erb in the cache.
[2017-12-26T11:50:39+00:00] INFO: Storing updated cookbooks/gitlab/templates/default/sv-gitlab-pages-log-run.erb in the cache.
[2017-12-26T11:50:39+00:00] INFO: Storing updated cookbooks/gitlab/templates/default/sv-sidekiq-run.erb in the cache.
[2017-12-26T11:50:39+00:00] INFO: Storing updated cookbooks/gitlab/templates/default/sv-nginx-log-run.erb in the cache.
[2017-12-26T11:50:39+00:00] INFO: Storing updated cookbooks/gitlab/templates/default/gitlab-rails-error.html.erb in the cache.
[2017-12-26T11:50:39+00:00] INFO: Storing updated cookbooks/gitlab/templates/default/sv-mailroom-finish.erb in the cache.
[2017-12-26T11:50:39+00:00] INFO: Storing updated cookbooks/gitlab/templates/default/smtp_settings.rb.erb in the cache.
[2017-12-26T11:50:39+00:00] INFO: Storing updated cookbooks/gitlab/templates/default/sv-redis-exporter-log-config.erb in the cache.
[2017-12-26T11:50:39+00:00] INFO: Storing updated cookbooks/gitlab/templates/default/sv-unicorn-run.erb in the cache.
[2017-12-26T11:50:39+00:00] INFO: Storing updated cookbooks/gitlab/templates/default/logrotate-service.erb in the cache.
[2017-12-26T11:50:39+00:00] INFO: Storing updated cookbooks/gitlab/templates/default/gitlab-monitor.yml.erb in the cache.
[2017-12-26T11:50:39+00:00] INFO: Storing updated cookbooks/gitlab/templates/default/rack_attack.rb.erb in the cache.
[2017-12-26T11:50:39+00:00] INFO: Storing updated cookbooks/gitlab/templates/default/aws.yml.erb in the cache.
[2017-12-26T11:50:39+00:00] INFO: Storing updated cookbooks/gitlab/templates/default/nginx-gitlab-http.conf.erb in the cache.
[2017-12-26T11:50:39+00:00] INFO: Storing updated cookbooks/gitlab/templates/default/sv-logrotate-log-config.erb in the cache.
[2017-12-26T11:50:39+00:00] INFO: Storing updated cookbooks/gitlab/templates/default/sv-unicorn-control-t.erb in the cache.
[2017-12-26T11:50:39+00:00] INFO: Storing updated cookbooks/gitlab/templates/default/gitlab-shell-config.yml.erb in the cache.
[2017-12-26T11:50:39+00:00] INFO: Storing updated cookbooks/gitlab/templates/default/database.yml.erb in the cache.
[2017-12-26T11:50:39+00:00] INFO: Storing updated cookbooks/gitlab/templates/default/sv-remote-syslog-log-config.erb in the cache.
[2017-12-26T11:50:39+00:00] INFO: Storing updated cookbooks/gitlab/templates/default/sv-node-exporter-run.erb in the cache.
[2017-12-26T11:50:39+00:00] INFO: Storing updated cookbooks/gitlab/templates/default/sv-gitlab-monitor-run.erb in the cache.
[2017-12-26T11:50:39+00:00] INFO: Storing updated cookbooks/gitlab/templates/default/sv-redis-exporter-log-run.erb in the cache.
[2017-12-26T11:50:39+00:00] INFO: Storing updated cookbooks/gitlab/templates/default/sv-gitlab-workhorse-run.erb in the cache.
[2017-12-26T11:50:39+00:00] INFO: Storing updated cookbooks/gitlab/templates/default/sv-postgresql-log-config.erb in the cache.
[2017-12-26T11:50:39+00:00] INFO: Storing updated cookbooks/gitlab/templates/default/nginx-gitlab-pages-http.conf.erb in the cache.
[2017-12-26T11:50:39+00:00] INFO: Storing updated cookbooks/gitlab/templates/default/workhorse-config.toml.erb in the cache.
[2017-12-26T11:50:39+00:00] INFO: Storing updated cookbooks/gitlab/templates/default/gitlab-healthcheck-rc.erb in the cache.
[2017-12-26T11:50:39+00:00] INFO: Storing updated cookbooks/gitlab/templates/default/sv-gitlab-workhorse-log-config.erb in the cache.
[2017-12-26T11:50:39+00:00] INFO: Storing updated cookbooks/gitlab/templates/default/sv-gitlab-workhorse-log-run.erb in the cache.
[2017-12-26T11:50:39+00:00] INFO: Storing updated cookbooks/gitlab/templates/default/secret_token.erb in the cache.
[2017-12-26T11:50:39+00:00] INFO: Storing updated cookbooks/gitlab/templates/default/unicorn.rb.erb in the cache.
[2017-12-26T11:50:39+00:00] INFO: Storing updated cookbooks/gitlab/templates/default/sv-unicorn-log-run.erb in the cache.
[2017-12-26T11:50:39+00:00] INFO: Storing updated cookbooks/gitlab/templates/default/postgres-queries.yaml in the cache.
[2017-12-26T11:50:39+00:00] INFO: Storing updated cookbooks/gitlab/templates/default/sv-mailroom-log-run.erb in the cache.
[2017-12-26T11:50:39+00:00] INFO: Storing updated cookbooks/gitlab/templates/default/sv-gitlab-monitor-log-run.erb in the cache.
[2017-12-26T11:50:39+00:00] INFO: Storing updated cookbooks/gitlab/templates/default/sv-postgres-exporter-log-run.erb in the cache.
[2017-12-26T11:50:39+00:00] INFO: Storing updated cookbooks/gitlab/templates/default/sv-logrotate-run.erb in the cache.
[2017-12-26T11:50:39+00:00] INFO: Storing updated cookbooks/gitlab/templates/default/gitlab-rails-rc.erb in the cache.
[2017-12-26T11:50:39+00:00] INFO: Storing updated cookbooks/gitlab/templates/default/sv-node-exporter-log-config.erb in the cache.
[2017-12-26T11:50:39+00:00] INFO: Storing updated cookbooks/gitlab/templates/default/nginx-gitlab-registry-http.conf.erb in the cache.
[2017-12-26T11:50:39+00:00] INFO: Storing updated cookbooks/gitlab/templates/default/sv-gitlab-monitor-log-config.erb in the cache.
[2017-12-26T11:50:39+00:00] INFO: Storing updated cookbooks/gitlab/templates/default/sv-redis-exporter-run.erb in the cache.
[2017-12-26T11:50:39+00:00] INFO: Storing updated cookbooks/gitlab/templates/default/pg_hba.conf.erb in the cache.
[2017-12-26T11:50:39+00:00] INFO: Storing updated cookbooks/gitlab/templates/default/postgresql.conf.erb in the cache.
[2017-12-26T11:50:39+00:00] INFO: Storing updated cookbooks/gitlab/templates/default/sv-redis-log-config.erb in the cache.
[2017-12-26T11:50:39+00:00] INFO: Storing updated cookbooks/gitlab/templates/default/sv-node-exporter-log-run.erb in the cache.
[2017-12-26T11:50:39+00:00] INFO: Storing updated cookbooks/gitlab/templates/default/sv-postgresql-run.erb in the cache.
[2017-12-26T11:50:39+00:00] INFO: Storing updated cookbooks/gitlab/templates/default/sv-prometheus-log-config.erb in the cache.
[2017-12-26T11:50:39+00:00] INFO: Storing updated cookbooks/gitlab/templates/default/sv-postgresql-log-run.erb in the cache.
[2017-12-26T11:50:39+00:00] INFO: Storing updated cookbooks/gitlab/templates/default/sv-gitlab-pages-run.erb in the cache.
[2017-12-26T11:50:39+00:00] INFO: Storing updated cookbooks/gitlab/templates/default/sv-logrotate-log-run.erb in the cache.
[2017-12-26T11:50:39+00:00] INFO: Storing updated cookbooks/gitlab/metadata.rb in the cache.
[2017-12-26T11:50:39+00:00] INFO: Storing updated cookbooks/package/libraries/config/roles/application.rb in the cache.
[2017-12-26T11:50:39+00:00] INFO: Storing updated cookbooks/package/resources/storage_directory.rb in the cache.
[2017-12-26T11:50:39+00:00] INFO: Storing updated cookbooks/gitlab/README.md in the cache.
[2017-12-26T11:50:39+00:00] INFO: Storing updated cookbooks/package/resources/templatesymlink.rb in the cache.
[2017-12-26T11:50:39+00:00] INFO: Storing updated cookbooks/package/resources/env_dir.rb in the cache.
[2017-12-26T11:50:39+00:00] INFO: Storing updated cookbooks/package/libraries/omnibus_helper.rb in the cache.
[2017-12-26T11:50:39+00:00] INFO: Storing updated cookbooks/package/libraries/config/roles/pgbouncer.rb in the cache.
[2017-12-26T11:50:39+00:00] INFO: Storing updated cookbooks/package/libraries/config/roles/default.rb in the cache.
[2017-12-26T11:50:39+00:00] INFO: Storing updated cookbooks/package/libraries/config/roles/redis_sentinel.rb in the cache.
[2017-12-26T11:50:39+00:00] INFO: Storing updated cookbooks/package/libraries/config/roles/geo_primary.rb in the cache.
[2017-12-26T11:50:39+00:00] INFO: Storing updated cookbooks/package/resources/account.rb in the cache.
[2017-12-26T11:50:39+00:00] INFO: Storing updated cookbooks/package/libraries/config/gitlab.rb in the cache.
[2017-12-26T11:50:39+00:00] INFO: Storing updated cookbooks/gitlab/templates/default/sv-logrotate-control-t.erb in the cache.
[2017-12-26T11:50:39+00:00] INFO: Storing updated cookbooks/package/libraries/config/roles/redis_master.rb in the cache.
[2017-12-26T11:50:39+00:00] INFO: Storing updated cookbooks/package/resources/sysctl.rb in the cache.
[2017-12-26T11:50:39+00:00] INFO: Storing updated cookbooks/package/libraries/matchers.rb in the cache.
[2017-12-26T11:50:39+00:00] INFO: Storing updated cookbooks/package/libraries/helpers/roles_helper.rb in the cache.
[2017-12-26T11:50:39+00:00] INFO: Storing updated cookbooks/package/libraries/certificate_helper.rb in the cache.
[2017-12-26T11:50:39+00:00] INFO: Storing updated cookbooks/package/libraries/helpers/secrets_helper.rb in the cache.
[2017-12-26T11:50:39+00:00] INFO: Storing updated cookbooks/package/libraries/config/roles/postgres.rb in the cache.
[2017-12-26T11:50:39+00:00] INFO: Storing updated cookbooks/package/libraries/helpers/quote_helper.rb in the cache.
[2017-12-26T11:50:39+00:00] INFO: Storing updated cookbooks/package/libraries/config/roles/geo_secondary.rb in the cache.
[2017-12-26T11:50:39+00:00] INFO: Storing updated cookbooks/package/libraries/helpers/shell_out_helper.rb in the cache.
[2017-12-26T11:50:39+00:00] INFO: Storing updated cookbooks/package/libraries/helper.rb in the cache.
[2017-12-26T11:50:39+00:00] INFO: Storing updated cookbooks/package/libraries/config/roles/consul.rb in the cache.
[2017-12-26T11:50:39+00:00] INFO: Storing updated cookbooks/package/libraries/helpers/logging_helper.rb in the cache.
[2017-12-26T11:50:39+00:00] INFO: Storing updated cookbooks/package/libraries/config_mash.rb in the cache.
[2017-12-26T11:50:39+00:00] INFO: Storing updated cookbooks/package/libraries/helpers/services_helper.rb in the cache.
[2017-12-26T11:50:39+00:00] INFO: Storing updated cookbooks/package/libraries/config/services.rb in the cache.
[2017-12-26T11:50:39+00:00] INFO: Storing updated cookbooks/package/metadata.rb in the cache.
[2017-12-26T11:50:39+00:00] INFO: Storing updated cookbooks/registry/recipes/disable.rb in the cache.
[2017-12-26T11:50:39+00:00] INFO: Storing updated cookbooks/package/libraries/helpers/redhat_helper.rb in the cache.
[2017-12-26T11:50:39+00:00] INFO: Storing updated cookbooks/registry/templates/default/sv-registry-log-run.erb in the cache.
[2017-12-26T11:50:39+00:00] INFO: Storing updated cookbooks/registry/metadata.rb in the cache.
[2017-12-26T11:50:39+00:00] INFO: Storing updated cookbooks/registry/attributes/default.rb in the cache.
[2017-12-26T11:50:39+00:00] INFO: Storing updated cookbooks/package/attributes/default.rb in the cache.
[2017-12-26T11:50:39+00:00] INFO: Storing updated cookbooks/mattermost/libraries/mattermost_helper.rb in the cache.
[2017-12-26T11:50:39+00:00] INFO: Storing updated cookbooks/registry/templates/default/registry-config.yml.erb in the cache.
[2017-12-26T11:50:39+00:00] INFO: Storing updated cookbooks/registry/recipes/enable.rb in the cache.
[2017-12-26T11:50:39+00:00] INFO: Storing updated cookbooks/package/libraries/helpers/settings_helper.rb in the cache.
[2017-12-26T11:50:39+00:00] INFO: Storing updated cookbooks/mattermost/templates/default/sv-mattermost-log-config.erb in the cache.
[2017-12-26T11:50:39+00:00] INFO: Storing updated cookbooks/mattermost/templates/default/sv-mattermost-run.erb in the cache.
[2017-12-26T11:50:39+00:00] INFO: Storing updated cookbooks/registry/templates/default/sv-registry-run.erb in the cache.
[2017-12-26T11:50:39+00:00] INFO: Storing updated cookbooks/consul/recipes/disable.rb in the cache.
[2017-12-26T11:50:39+00:00] INFO: Storing updated cookbooks/consul/recipes/disable_daemon.rb in the cache.
[2017-12-26T11:50:39+00:00] INFO: Storing updated cookbooks/mattermost/recipes/disable.rb in the cache.
[2017-12-26T11:50:39+00:00] INFO: Storing updated cookbooks/mattermost/templates/default/config.json.erb in the cache.
[2017-12-26T11:50:39+00:00] INFO: Storing updated cookbooks/mattermost/recipes/enable.rb in the cache.
[2017-12-26T11:50:39+00:00] INFO: Storing updated cookbooks/package/libraries/helpers/version_helper.rb in the cache.
[2017-12-26T11:50:39+00:00] INFO: Storing updated cookbooks/package/libraries/storage_directory_helper.rb in the cache.
[2017-12-26T11:50:39+00:00] INFO: Storing updated cookbooks/consul/attributes/watchers.rb in the cache.
[2017-12-26T11:50:39+00:00] INFO: Storing updated cookbooks/consul/recipes/watchers.rb in the cache.
[2017-12-26T11:50:39+00:00] INFO: Storing updated cookbooks/mattermost/metadata.rb in the cache.
[2017-12-26T11:50:39+00:00] INFO: Storing updated cookbooks/consul/templates/default/sv-consul-log-config.erb in the cache.
[2017-12-26T11:50:39+00:00] INFO: Storing updated cookbooks/consul/recipes/service_postgresql.rb in the cache.
[2017-12-26T11:50:39+00:00] INFO: Storing updated cookbooks/consul/libraries/consul_helper.rb in the cache.
[2017-12-26T11:50:39+00:00] INFO: Storing updated cookbooks/mattermost/attributes/default.rb in the cache.
[2017-12-26T11:50:39+00:00] INFO: Storing updated cookbooks/registry/templates/default/sv-registry-log-config.erb in the cache.
[2017-12-26T11:50:39+00:00] INFO: Storing updated cookbooks/consul/recipes/enable_daemon.rb in the cache.
[2017-12-26T11:50:39+00:00] INFO: Storing updated cookbooks/consul/attributes/default.rb in the cache.
[2017-12-26T11:50:39+00:00] INFO: Storing updated cookbooks/consul/recipes/enable.rb in the cache.
[2017-12-26T11:50:39+00:00] INFO: Storing updated cookbooks/mattermost/templates/default/sv-mattermost-log-run.erb in the cache.
[2017-12-26T11:50:39+00:00] INFO: Storing updated cookbooks/gitaly/attributes/default.rb in the cache.
[2017-12-26T11:50:39+00:00] INFO: Storing updated cookbooks/consul/templates/default/watcher_scripts/failover_pgbouncer.erb in the cache.
[2017-12-26T11:50:39+00:00] INFO: Storing updated cookbooks/consul/templates/default/sv-consul-run.erb in the cache.
[2017-12-26T11:50:39+00:00] INFO: Storing updated cookbooks/gitaly/recipes/disable.rb in the cache.
[2017-12-26T11:50:39+00:00] INFO: Storing updated cookbooks/runit/recipes/sysvinit.rb in the cache.
[2017-12-26T11:50:39+00:00] INFO: Storing updated cookbooks/gitaly/libraries/gitaly.rb in the cache.
[2017-12-26T11:50:39+00:00] INFO: Storing updated cookbooks/runit/recipes/default.rb in the cache.
[2017-12-26T11:50:39+00:00] INFO: Storing updated cookbooks/runit/recipes/upstart.rb in the cache.
[2017-12-26T11:50:39+00:00] INFO: Storing updated cookbooks/consul/attributes/services.rb in the cache.
[2017-12-26T11:50:39+00:00] INFO: Storing updated cookbooks/runit/attributes/default.rb in the cache.
[2017-12-26T11:50:39+00:00] INFO: Storing updated cookbooks/gitaly/templates/default/sv-gitaly-log-config.erb in the cache.
[2017-12-26T11:50:39+00:00] INFO: Storing updated cookbooks/runit/files/default/gitlab-runsvdir.service in the cache.
[2017-12-26T11:50:39+00:00] INFO: Storing updated cookbooks/gitaly/metadata.rb in the cache.
[2017-12-26T11:50:39+00:00] INFO: Storing updated cookbooks/consul/templates/default/sv-consul-log-run.erb in the cache.
[2017-12-26T11:50:39+00:00] INFO: Storing updated cookbooks/runit/recipes/systemd.rb in the cache.
[2017-12-26T11:50:39+00:00] INFO: Storing updated cookbooks/gitaly/recipes/enable.rb in the cache.
[2017-12-26T11:50:39+00:00] INFO: Storing updated cookbooks/gitaly/templates/default/sv-gitaly-log-run.erb in the cache.
[2017-12-26T11:50:39+00:00] INFO: Storing updated cookbooks/runit/definitions/runit_service.rb in the cache.
[2017-12-26T11:50:39+00:00] INFO: Storing updated cookbooks/gitaly/templates/default/sv-gitaly-run.erb in the cache.
[2017-12-26T11:50:39+00:00] INFO: Storing updated cookbooks/runit/metadata.rb in the cache.
[2017-12-26T11:50:39+00:00] INFO: Storing updated cookbooks/gitaly/templates/default/gitaly-config.toml.erb in the cache.
[2017-12-26T11:50:39+00:00] INFO: Storing updated cookbooks/runit/README.md in the cache.
[2017-12-26T11:50:39+00:00] INFO: Storing updated cookbooks/runit/files/default/gitlab-runsvdir.conf in the cache.
[2017-12-26T11:50:42+00:00] WARN: Runtime directory '/run' is not a tmpfs.
[2017-12-26T11:50:42+00:00] INFO: directory[/etc/gitlab] mode changed to 775
[2017-12-26T11:50:42+00:00] WARN: Skipped selecting an init system because it looks like we are running in a container
[2017-12-26T11:50:43+00:00] INFO: directory[Create /var/opt/gitlab] owner changed to 0
[2017-12-26T11:50:43+00:00] INFO: directory[Create /var/opt/gitlab] group changed to 0
[2017-12-26T11:50:43+00:00] INFO: directory[/opt/gitlab/embedded/etc] created directory /opt/gitlab/embedded/etc
[2017-12-26T11:50:43+00:00] INFO: directory[/opt/gitlab/embedded/etc] owner changed to 0
[2017-12-26T11:50:43+00:00] INFO: directory[/opt/gitlab/embedded/etc] group changed to 0
[2017-12-26T11:50:43+00:00] INFO: directory[/opt/gitlab/embedded/etc] mode changed to 755
[2017-12-26T11:50:43+00:00] INFO: template[/opt/gitlab/embedded/etc/gitconfig] created file /opt/gitlab/embedded/etc/gitconfig
[2017-12-26T11:50:43+00:00] INFO: template[/opt/gitlab/embedded/etc/gitconfig] updated file contents /opt/gitlab/embedded/etc/gitconfig
[2017-12-26T11:50:43+00:00] INFO: template[/opt/gitlab/embedded/etc/gitconfig] mode changed to 755
[2017-12-26T11:50:43+00:00] INFO: template[/var/opt/gitlab/.gitconfig] created file /var/opt/gitlab/.gitconfig
[2017-12-26T11:50:43+00:00] INFO: template[/var/opt/gitlab/.gitconfig] updated file contents /var/opt/gitlab/.gitconfig
[2017-12-26T11:50:43+00:00] INFO: template[/var/opt/gitlab/.gitconfig] owner changed to 998
[2017-12-26T11:50:43+00:00] INFO: template[/var/opt/gitlab/.gitconfig] group changed to 998
[2017-12-26T11:50:43+00:00] INFO: template[/var/opt/gitlab/.gitconfig] mode changed to 644
[2017-12-26T11:50:43+00:00] INFO: ruby_block[directory resource: /var/opt/gitlab/git-data] called
[2017-12-26T11:50:43+00:00] INFO: ruby_block[directory resource: /var/opt/gitlab/git-data/repositories] called
[2017-12-26T11:50:43+00:00] INFO: ruby_block[directory resource: /var/opt/gitlab/.ssh] called
[2017-12-26T11:50:43+00:00] INFO: directory[/var/log/gitlab/gitlab-shell/] created directory /var/log/gitlab/gitlab-shell/
[2017-12-26T11:50:43+00:00] INFO: directory[/var/log/gitlab/gitlab-shell/] owner changed to 998
[2017-12-26T11:50:43+00:00] INFO: directory[/var/log/gitlab/gitlab-shell/] mode changed to 700
[2017-12-26T11:50:43+00:00] INFO: directory[/var/opt/gitlab/gitlab-shell] created directory /var/opt/gitlab/gitlab-shell
[2017-12-26T11:50:43+00:00] INFO: directory[/var/opt/gitlab/gitlab-shell] owner changed to 998
[2017-12-26T11:50:43+00:00] INFO: directory[/var/opt/gitlab/gitlab-shell] mode changed to 700
[2017-12-26T11:50:43+00:00] INFO: template[/var/opt/gitlab/gitlab-shell/config.yml] created file /var/opt/gitlab/gitlab-shell/config.yml
[2017-12-26T11:50:43+00:00] INFO: template[/var/opt/gitlab/gitlab-shell/config.yml] updated file contents /var/opt/gitlab/gitlab-shell/config.yml
[2017-12-26T11:50:43+00:00] INFO: link[Link /opt/gitlab/embedded/service/gitlab-shell/config.yml to /var/opt/gitlab/gitlab-shell/config.yml] created
[2017-12-26T11:50:43+00:00] INFO: link[/opt/gitlab/embedded/service/gitlab-shell/.gitlab_shell_secret] created
[2017-12-26T11:50:44+00:00] INFO: execute[/opt/gitlab/embedded/service/gitlab-shell/bin/gitlab-keys check-permissions] ran successfully
[2017-12-26T11:50:44+00:00] INFO: directory[/var/log/gitlab] owner changed to 998
[2017-12-26T11:50:45+00:00] INFO: ruby_block[directory resource: /var/opt/gitlab/gitlab-rails/shared] called
[2017-12-26T11:50:45+00:00] INFO: ruby_block[directory resource: /var/opt/gitlab/gitlab-rails/shared/artifacts] called
[2017-12-26T11:50:45+00:00] INFO: ruby_block[directory resource: /var/opt/gitlab/gitlab-rails/shared/lfs-objects] called
[2017-12-26T11:50:45+00:00] INFO: ruby_block[directory resource: /var/opt/gitlab/gitlab-rails/uploads] called
[2017-12-26T11:50:46+00:00] INFO: ruby_block[directory resource: /var/opt/gitlab/gitlab-ci/builds] called
[2017-12-26T11:50:46+00:00] INFO: ruby_block[directory resource: /var/opt/gitlab/gitlab-rails/shared/pages] called
[2017-12-26T11:50:46+00:00] INFO: directory[create /var/opt/gitlab/gitlab-rails/etc] created directory /var/opt/gitlab/gitlab-rails/etc
[2017-12-26T11:50:46+00:00] INFO: directory[create /var/opt/gitlab/gitlab-rails/etc] owner changed to 998
[2017-12-26T11:50:46+00:00] INFO: directory[create /var/opt/gitlab/gitlab-rails/etc] mode changed to 700
[2017-12-26T11:50:46+00:00] INFO: directory[create /opt/gitlab/etc/gitlab-rails] created directory /opt/gitlab/etc/gitlab-rails
[2017-12-26T11:50:46+00:00] INFO: directory[create /opt/gitlab/etc/gitlab-rails] owner changed to 998
[2017-12-26T11:50:46+00:00] INFO: directory[create /opt/gitlab/etc/gitlab-rails] mode changed to 700
[2017-12-26T11:50:46+00:00] INFO: directory[create /var/opt/gitlab/gitlab-rails/working] created directory /var/opt/gitlab/gitlab-rails/working
[2017-12-26T11:50:46+00:00] INFO: directory[create /var/opt/gitlab/gitlab-rails/working] owner changed to 998
[2017-12-26T11:50:46+00:00] INFO: directory[create /var/opt/gitlab/gitlab-rails/working] mode changed to 700
[2017-12-26T11:50:46+00:00] INFO: directory[create /var/opt/gitlab/gitlab-rails/tmp] created directory /var/opt/gitlab/gitlab-rails/tmp
[2017-12-26T11:50:46+00:00] INFO: directory[create /var/opt/gitlab/gitlab-rails/tmp] owner changed to 998
[2017-12-26T11:50:46+00:00] INFO: directory[create /var/opt/gitlab/gitlab-rails/tmp] mode changed to 700
[2017-12-26T11:50:46+00:00] INFO: directory[create /var/opt/gitlab/gitlab-rails/upgrade-status] created directory /var/opt/gitlab/gitlab-rails/upgrade-status
[2017-12-26T11:50:46+00:00] INFO: directory[create /var/opt/gitlab/gitlab-rails/upgrade-status] owner changed to 998
[2017-12-26T11:50:46+00:00] INFO: directory[create /var/opt/gitlab/gitlab-rails/upgrade-status] mode changed to 700
[2017-12-26T11:50:46+00:00] INFO: directory[create /var/log/gitlab/gitlab-rails] created directory /var/log/gitlab/gitlab-rails
[2017-12-26T11:50:46+00:00] INFO: directory[create /var/log/gitlab/gitlab-rails] owner changed to 998
[2017-12-26T11:50:46+00:00] INFO: directory[create /var/log/gitlab/gitlab-rails] mode changed to 700
[2017-12-26T11:50:46+00:00] INFO: ruby_block[directory resource: /var/opt/gitlab/backups] called
[2017-12-26T11:50:46+00:00] INFO: directory[/var/opt/gitlab/gitlab-rails] owner changed to 998
[2017-12-26T11:50:46+00:00] INFO: directory[/var/opt/gitlab/gitlab-ci] owner changed to 998
[2017-12-26T11:50:46+00:00] INFO: template[/opt/gitlab/etc/gitlab-rails/gitlab-rails-rc] created file /opt/gitlab/etc/gitlab-rails/gitlab-rails-rc
[2017-12-26T11:50:46+00:00] INFO: template[/opt/gitlab/etc/gitlab-rails/gitlab-rails-rc] updated file contents /opt/gitlab/etc/gitlab-rails/gitlab-rails-rc
[2017-12-26T11:50:46+00:00] INFO: template[/var/opt/gitlab/gitlab-rails/etc/database.yml] created file /var/opt/gitlab/gitlab-rails/etc/database.yml
[2017-12-26T11:50:46+00:00] INFO: template[/var/opt/gitlab/gitlab-rails/etc/database.yml] updated file contents /var/opt/gitlab/gitlab-rails/etc/database.yml
[2017-12-26T11:50:46+00:00] INFO: template[/var/opt/gitlab/gitlab-rails/etc/database.yml] owner changed to 0
[2017-12-26T11:50:46+00:00] INFO: template[/var/opt/gitlab/gitlab-rails/etc/database.yml] group changed to 0
[2017-12-26T11:50:46+00:00] INFO: template[/var/opt/gitlab/gitlab-rails/etc/database.yml] mode changed to 644
[2017-12-26T11:50:46+00:00] INFO: link[Link /opt/gitlab/embedded/service/gitlab-rails/config/database.yml to /var/opt/gitlab/gitlab-rails/etc/database.yml] created
[2017-12-26T11:50:46+00:00] INFO: template[/var/opt/gitlab/gitlab-rails/etc/secrets.yml] created file /var/opt/gitlab/gitlab-rails/etc/secrets.yml
[2017-12-26T11:50:46+00:00] INFO: template[/var/opt/gitlab/gitlab-rails/etc/secrets.yml] updated file contents /var/opt/gitlab/gitlab-rails/etc/secrets.yml
[2017-12-26T11:50:46+00:00] INFO: template[/var/opt/gitlab/gitlab-rails/etc/secrets.yml] owner changed to 0
[2017-12-26T11:50:46+00:00] INFO: template[/var/opt/gitlab/gitlab-rails/etc/secrets.yml] group changed to 0
[2017-12-26T11:50:46+00:00] INFO: template[/var/opt/gitlab/gitlab-rails/etc/secrets.yml] mode changed to 644
[2017-12-26T11:50:46+00:00] INFO: link[Link /opt/gitlab/embedded/service/gitlab-rails/config/secrets.yml to /var/opt/gitlab/gitlab-rails/etc/secrets.yml] created
[2017-12-26T11:50:46+00:00] INFO: template[/var/opt/gitlab/gitlab-rails/etc/resque.yml] created file /var/opt/gitlab/gitlab-rails/etc/resque.yml
[2017-12-26T11:50:46+00:00] INFO: template[/var/opt/gitlab/gitlab-rails/etc/resque.yml] updated file contents /var/opt/gitlab/gitlab-rails/etc/resque.yml
[2017-12-26T11:50:46+00:00] INFO: template[/var/opt/gitlab/gitlab-rails/etc/resque.yml] owner changed to 0
[2017-12-26T11:50:46+00:00] INFO: template[/var/opt/gitlab/gitlab-rails/etc/resque.yml] group changed to 0
[2017-12-26T11:50:46+00:00] INFO: template[/var/opt/gitlab/gitlab-rails/etc/resque.yml] mode changed to 644
[2017-12-26T11:50:46+00:00] INFO: link[Link /opt/gitlab/embedded/service/gitlab-rails/config/resque.yml to /var/opt/gitlab/gitlab-rails/etc/resque.yml] created
[2017-12-26T11:50:46+00:00] INFO: template[/var/opt/gitlab/gitlab-rails/etc/gitlab.yml] created file /var/opt/gitlab/gitlab-rails/etc/gitlab.yml
[2017-12-26T11:50:46+00:00] INFO: template[/var/opt/gitlab/gitlab-rails/etc/gitlab.yml] updated file contents /var/opt/gitlab/gitlab-rails/etc/gitlab.yml
[2017-12-26T11:50:46+00:00] INFO: template[/var/opt/gitlab/gitlab-rails/etc/gitlab.yml] owner changed to 0
[2017-12-26T11:50:46+00:00] INFO: template[/var/opt/gitlab/gitlab-rails/etc/gitlab.yml] group changed to 0
[2017-12-26T11:50:46+00:00] INFO: template[/var/opt/gitlab/gitlab-rails/etc/gitlab.yml] mode changed to 644
[2017-12-26T11:50:46+00:00] INFO: link[Link /opt/gitlab/embedded/service/gitlab-rails/config/gitlab.yml to /var/opt/gitlab/gitlab-rails/etc/gitlab.yml] created
[2017-12-26T11:50:46+00:00] INFO: template[/var/opt/gitlab/gitlab-rails/etc/rack_attack.rb] created file /var/opt/gitlab/gitlab-rails/etc/rack_attack.rb
[2017-12-26T11:50:46+00:00] INFO: template[/var/opt/gitlab/gitlab-rails/etc/rack_attack.rb] updated file contents /var/opt/gitlab/gitlab-rails/etc/rack_attack.rb
[2017-12-26T11:50:46+00:00] INFO: template[/var/opt/gitlab/gitlab-rails/etc/rack_attack.rb] owner changed to 0
[2017-12-26T11:50:46+00:00] INFO: template[/var/opt/gitlab/gitlab-rails/etc/rack_attack.rb] group changed to 0
[2017-12-26T11:50:46+00:00] INFO: template[/var/opt/gitlab/gitlab-rails/etc/rack_attack.rb] mode changed to 644
[2017-12-26T11:50:46+00:00] INFO: link[Link /opt/gitlab/embedded/service/gitlab-rails/config/initializers/rack_attack.rb to /var/opt/gitlab/gitlab-rails/etc/rack_attack.rb] created
[2017-12-26T11:50:46+00:00] INFO: template[/var/opt/gitlab/gitlab-rails/etc/gitlab_workhorse_secret] created file /var/opt/gitlab/gitlab-rails/etc/gitlab_workhorse_secret
[2017-12-26T11:50:46+00:00] INFO: template[/var/opt/gitlab/gitlab-rails/etc/gitlab_workhorse_secret] updated file contents /var/opt/gitlab/gitlab-rails/etc/gitlab_workhorse_secret
[2017-12-26T11:50:46+00:00] INFO: template[/var/opt/gitlab/gitlab-rails/etc/gitlab_workhorse_secret] owner changed to 0
[2017-12-26T11:50:46+00:00] INFO: template[/var/opt/gitlab/gitlab-rails/etc/gitlab_workhorse_secret] group changed to 0
[2017-12-26T11:50:46+00:00] INFO: template[/var/opt/gitlab/gitlab-rails/etc/gitlab_workhorse_secret] mode changed to 644
[2017-12-26T11:50:46+00:00] INFO: link[Link /opt/gitlab/embedded/service/gitlab-rails/.gitlab_workhorse_secret to /var/opt/gitlab/gitlab-rails/etc/gitlab_workhorse_secret] created
[2017-12-26T11:50:46+00:00] INFO: template[/var/opt/gitlab/gitlab-rails/etc/gitlab_shell_secret] created file /var/opt/gitlab/gitlab-rails/etc/gitlab_shell_secret
[2017-12-26T11:50:46+00:00] INFO: template[/var/opt/gitlab/gitlab-rails/etc/gitlab_shell_secret] updated file contents /var/opt/gitlab/gitlab-rails/etc/gitlab_shell_secret
[2017-12-26T11:50:46+00:00] INFO: template[/var/opt/gitlab/gitlab-rails/etc/gitlab_shell_secret] owner changed to 0
[2017-12-26T11:50:46+00:00] INFO: template[/var/opt/gitlab/gitlab-rails/etc/gitlab_shell_secret] group changed to 0
[2017-12-26T11:50:46+00:00] INFO: template[/var/opt/gitlab/gitlab-rails/etc/gitlab_shell_secret] mode changed to 644
[2017-12-26T11:50:46+00:00] INFO: link[Link /opt/gitlab/embedded/service/gitlab-rails/.gitlab_shell_secret to /var/opt/gitlab/gitlab-rails/etc/gitlab_shell_secret] created
[2017-12-26T11:50:46+00:00] INFO: directory[/opt/gitlab/etc/gitlab-rails/env] created directory /opt/gitlab/etc/gitlab-rails/env
[2017-12-26T11:50:46+00:00] INFO: file[/opt/gitlab/etc/gitlab-rails/env/HOME] created file /opt/gitlab/etc/gitlab-rails/env/HOME
[2017-12-26T11:50:46+00:00] INFO: file[/opt/gitlab/etc/gitlab-rails/env/HOME] updated file contents /opt/gitlab/etc/gitlab-rails/env/HOME
[2017-12-26T11:50:46+00:00] INFO: file[/opt/gitlab/etc/gitlab-rails/env/RAILS_ENV] created file /opt/gitlab/etc/gitlab-rails/env/RAILS_ENV
[2017-12-26T11:50:46+00:00] INFO: file[/opt/gitlab/etc/gitlab-rails/env/RAILS_ENV] updated file contents /opt/gitlab/etc/gitlab-rails/env/RAILS_ENV
[2017-12-26T11:50:46+00:00] INFO: file[/opt/gitlab/etc/gitlab-rails/env/LD_PRELOAD] created file /opt/gitlab/etc/gitlab-rails/env/LD_PRELOAD
[2017-12-26T11:50:46+00:00] INFO: file[/opt/gitlab/etc/gitlab-rails/env/LD_PRELOAD] updated file contents /opt/gitlab/etc/gitlab-rails/env/LD_PRELOAD
[2017-12-26T11:50:46+00:00] INFO: file[/opt/gitlab/etc/gitlab-rails/env/SIDEKIQ_MEMORY_KILLER_MAX_RSS] created file /opt/gitlab/etc/gitlab-rails/env/SIDEKIQ_MEMORY_KILLER_MAX_RSS
[2017-12-26T11:50:46+00:00] INFO: file[/opt/gitlab/etc/gitlab-rails/env/SIDEKIQ_MEMORY_KILLER_MAX_RSS] updated file contents /opt/gitlab/etc/gitlab-rails/env/SIDEKIQ_MEMORY_KILLER_MAX_RSS
[2017-12-26T11:50:46+00:00] INFO: file[/opt/gitlab/etc/gitlab-rails/env/BUNDLE_GEMFILE] created file /opt/gitlab/etc/gitlab-rails/env/BUNDLE_GEMFILE
[2017-12-26T11:50:46+00:00] INFO: file[/opt/gitlab/etc/gitlab-rails/env/BUNDLE_GEMFILE] updated file contents /opt/gitlab/etc/gitlab-rails/env/BUNDLE_GEMFILE
[2017-12-26T11:50:46+00:00] INFO: file[/opt/gitlab/etc/gitlab-rails/env/PATH] created file /opt/gitlab/etc/gitlab-rails/env/PATH
[2017-12-26T11:50:46+00:00] INFO: file[/opt/gitlab/etc/gitlab-rails/env/PATH] updated file contents /opt/gitlab/etc/gitlab-rails/env/PATH
[2017-12-26T11:50:46+00:00] INFO: file[/opt/gitlab/etc/gitlab-rails/env/ICU_DATA] created file /opt/gitlab/etc/gitlab-rails/env/ICU_DATA
[2017-12-26T11:50:46+00:00] INFO: file[/opt/gitlab/etc/gitlab-rails/env/ICU_DATA] updated file contents /opt/gitlab/etc/gitlab-rails/env/ICU_DATA
[2017-12-26T11:50:46+00:00] INFO: file[/opt/gitlab/etc/gitlab-rails/env/PYTHONPATH] created file /opt/gitlab/etc/gitlab-rails/env/PYTHONPATH
[2017-12-26T11:50:46+00:00] INFO: file[/opt/gitlab/etc/gitlab-rails/env/PYTHONPATH] updated file contents /opt/gitlab/etc/gitlab-rails/env/PYTHONPATH
[2017-12-26T11:50:46+00:00] INFO: file[/opt/gitlab/etc/gitlab-rails/env/EXECJS_RUNTIME] created file /opt/gitlab/etc/gitlab-rails/env/EXECJS_RUNTIME
[2017-12-26T11:50:46+00:00] INFO: file[/opt/gitlab/etc/gitlab-rails/env/EXECJS_RUNTIME] updated file contents /opt/gitlab/etc/gitlab-rails/env/EXECJS_RUNTIME
[2017-12-26T11:50:46+00:00] INFO: link[/opt/gitlab/embedded/service/gitlab-rails/tmp] created
[2017-12-26T11:50:47+00:00] INFO: link[/opt/gitlab/embedded/service/gitlab-rails/public/uploads] created
[2017-12-26T11:50:47+00:00] INFO: link[/opt/gitlab/embedded/service/gitlab-rails/log] created
[2017-12-26T11:50:47+00:00] INFO: link[/var/log/gitlab/gitlab-rails/sidekiq.log] created
[2017-12-26T11:50:47+00:00] INFO: file[/opt/gitlab/embedded/service/gitlab-rails/db/schema.rb] owner changed to 998
[2017-12-26T11:50:47+00:00] INFO: remote_file[/var/opt/gitlab/gitlab-rails/VERSION] created file /var/opt/gitlab/gitlab-rails/VERSION
[2017-12-26T11:50:47+00:00] INFO: remote_file[/var/opt/gitlab/gitlab-rails/VERSION] updated file contents /var/opt/gitlab/gitlab-rails/VERSION
[2017-12-26T11:50:47+00:00] INFO: remote_file[/var/opt/gitlab/gitlab-rails/REVISION] created file /var/opt/gitlab/gitlab-rails/REVISION
[2017-12-26T11:50:47+00:00] INFO: remote_file[/var/opt/gitlab/gitlab-rails/REVISION] updated file contents /var/opt/gitlab/gitlab-rails/REVISION
[2017-12-26T11:50:47+00:00] INFO: file[/var/opt/gitlab/gitlab-rails/RUBY_VERSION] created file /var/opt/gitlab/gitlab-rails/RUBY_VERSION
[2017-12-26T11:50:47+00:00] INFO: file[/var/opt/gitlab/gitlab-rails/RUBY_VERSION] updated file contents /var/opt/gitlab/gitlab-rails/RUBY_VERSION
